<?xml version="1.0" encoding="utf-8"?>
<TestRun id="9a718d5c-fe63-4737-984c-b974f79da29d" name="@kens 2025-08-14 11:01:22" xmlns="http://microsoft.com/schemas/VisualStudio/TeamTest/2010">
  <Times creation="2025-08-14T11:01:22.7868340-07:00" queuing="2025-08-14T11:01:22.7868340-07:00" start="2025-08-14T11:01:22.1405030-07:00" finish="2025-08-14T11:01:22.7872050-07:00" />
  <TestSettings name="default" id="a9070df3-d73f-48c2-8143-73a2e62d8b78">
    <Deployment runDeploymentRoot="_kens_2025-08-14_11_01_22" />
  </TestSettings>
  <TestLists>
    <TestList name="Results Not in a List" id="8c84fa94-04c1-424b-9868-57a2d4851a1d" />
    <TestList name="All Loaded Results" id="19431567-8539-422a-85d7-44ee4e166bda" />
  </TestLists>
  <ResultSummary outcome="Completed">
    <Counters total="0" executed="0" passed="0" failed="0" error="0" timeout="0" aborted="0" inconclusive="0" passedButRunAborted="0" notRunnable="0" notExecuted="0" disconnected="0" warning="0" completed="0" inProgress="0" pending="0" />
    <Output>
      <StdOut>[xUnit.net 00:00:00.00] xUnit.net VSTest Adapter v2.5.3.1+6b60a9e56a (64-bit .NET 9.0.3)
[xUnit.net 00:00:00.06]   Discovering: ThirdOpinion.Common.UnitTests
[xUnit.net 00:00:00.11]   Discovered:  ThirdOpinion.Common.UnitTests
[xUnit.net 00:00:00.12]   Starting:    ThirdOpinion.Common.UnitTests
[xUnit.net 00:00:00.13]   Finished:    ThirdOpinion.Common.UnitTests
</StdOut>
    </Output>
    <RunInfos>
      <RunInfo computerName="kens" outcome="Warning" timestamp="2025-08-14T11:01:22.7449580-07:00">
        <Text>No test matches the given testcase filter `NullableEnumConverter_FromEntry_ValidString_ReturnsNullableEnum` in /Users/ken/code/ThirdOpinion/ThirdOpinion.Common/ThirdOpinion.Common.UnitTests/bin/Debug/net9.0/ThirdOpinion.Common.UnitTests.dll</Text>
      </RunInfo>
    </RunInfos>
  </ResultSummary>
</TestRun>